<?xml version="1.0" encoding="UTF-8"?>
<!-- Generated by org.testng.reporters.JUnitReportReporter -->
<testsuite skipped="0" hostname="KKONDAPP-LAP" name="com.kr.lab.TestNG_Demo" tests="1" failures="0" timestamp="11 Aug 2018 17:46:00 GMT" time="0.014" errors="0">
  <testcase name="test" time="0.014" classname="com.kr.lab.TestNG_Demo"/>
</testsuite> <!-- com.kr.lab.TestNG_Demo -->
